<?xml version="1.0" encoding="UTF-8"?>
<!DOCTYPE mapper
        PUBLIC "-//mybatis.org//DTD Mapper 3.0//EN"
        "http://mybatis.org/dtd/mybatis-3-mapper.dtd">
<mapper namespace="com.mybatis.dao.MyBatisDao">
    <resultMap id="projectResultMap" type="project">
        <id column="PNO" property="no"/>
        <result column="num" property="num"/>
        <result column="str" property="str"/>
    </resultMap>

    <select id="selectList" resultMap="projectResultMap">
        SELECT NUM, STR
        FROM MYBATIS
    </select>
</mapper>